05-14-2022 @ 18:23:30 - 3.1.0 - No subscription webhooks found using API version 3. No updates needed.
05-14-2022 @ 18:23:30 - 3.1.6 upgrade complete from Subscriptions v0 while WooCommerce WC_VERSION 6.5.1 and database version 6.4.1 was active.
05-14-2022 @ 18:23:30 - Environment info:
05-14-2022 @ 18:23:30 -     WordPress Version : 5.9.3
05-14-2022 @ 18:23:30 - Active Plugins:
05-14-2022 @ 18:23:30 -     CMB2 by CMB2 team – 2.10.1
05-14-2022 @ 18:23:30 -     Complianz | GDPR/CCPA Cookie Consent by Really Simple Plugins – 6.1.6.1
05-14-2022 @ 18:23:30 -     Contact Form 7 by Takayuki Miyoshi – 5.5.6
05-14-2022 @ 18:23:30 -     Elementor by Elementor.com – 3.6.5
05-14-2022 @ 18:23:30 -     Envato Market by Envato – 2.0.6
05-14-2022 @ 18:23:30 -     WPBakery Page Builder by Michael M - WPBakery.com – 6.4.2
05-14-2022 @ 18:23:30 -     Kirki Customizer Framework by David Vongries – 4.0.23
05-14-2022 @ 18:23:30 -     MC4WP: Mailchimp for WordPress by ibericode – 4.8.7
05-14-2022 @ 18:23:30 -     Nextend Social Login by Nextendweb – 3.1.4
05-14-2022 @ 18:23:30 -     Savoy Theme - Content Elements by NordicMade – 1.3
05-14-2022 @ 18:23:30 -     Savoy Theme - Instagram Gallery by NordicMade – 1.3.3
05-14-2022 @ 18:23:30 -     Savoy Theme - Portfolio by NordicMade – 1.2.4
05-14-2022 @ 18:23:30 -     Savoy Theme - Team Members by NordicMade – 1.0.8
05-14-2022 @ 18:23:30 -     Savoy Theme - Settings Panel by NordicMade – 1.0.4
05-14-2022 @ 18:23:30 -     Savoy Theme - Wishlist by NordicMade – 2.4.1
05-14-2022 @ 18:23:30 -     SVG Support by Benbodhi – 2.4.2
05-14-2022 @ 18:23:30 -     Templates Patterns Collection by ThemeIsle – 1.1.21
05-14-2022 @ 18:23:30 -     WooCommerce Payments by Automattic – 4.1.0
05-14-2022 @ 18:23:30 -     WooCommerce by Automattic – 6.5.1
05-14-2022 @ 18:23:30 -     WPForms Lite by WPForms – 1.7.4.1
05-14-2022 @ 18:23:30 -     YITH WooCommerce Wishlist by YITH – 3.8.0
